2026-01-10 12:10:10,071 [INFO] VersionManager initialized: version_file=/Users/edubs/Desktop/Custom Stuff/ralphmode.com/ralph-starter/VERSION
2026-01-10 12:10:10,072 [INFO] Setting version to: 0.3.0
2026-01-10 12:10:10,072 [INFO] Version saved to /Users/edubs/Desktop/Custom Stuff/ralphmode.com/ralph-starter/VERSION: 0.3.0
2026-01-10 12:10:10,091 [INFO] Git tag created: v0.3.0
2026-01-10 12:10:18,736 [INFO] VersionManager initialized: version_file=/Users/edubs/Desktop/Custom Stuff/ralphmode.com/ralph-starter/VERSION
2026-01-10 12:10:18,736 [INFO] Current version: 0.3.0
2026-01-10 12:10:18,736 [INFO] Incrementing version: 0.3.0 -> 0.3.1 (patch)
2026-01-10 12:10:18,736 [INFO] Version saved to /Users/edubs/Desktop/Custom Stuff/ralphmode.com/ralph-starter/VERSION: 0.3.1
2026-01-10 12:10:23,811 [INFO] VersionManager initialized: version_file=/Users/edubs/Desktop/Custom Stuff/ralphmode.com/ralph-starter/VERSION
2026-01-10 12:10:23,811 [INFO] Current version: 0.3.1
2026-01-10 12:10:23,811 [INFO] Incrementing version: 0.3.1 -> 0.4.0 (minor)
2026-01-10 12:10:23,812 [INFO] Version saved to /Users/edubs/Desktop/Custom Stuff/ralphmode.com/ralph-starter/VERSION: 0.4.0
2026-01-10 12:10:28,755 [INFO] VersionManager initialized: version_file=/Users/edubs/Desktop/Custom Stuff/ralphmode.com/ralph-starter/VERSION
2026-01-10 12:10:28,755 [INFO] Setting version to: 0.3.0
2026-01-10 12:10:28,755 [INFO] Version saved to /Users/edubs/Desktop/Custom Stuff/ralphmode.com/ralph-starter/VERSION: 0.3.0
2026-01-10 12:14:54,069 [INFO] Database initialized successfully
2026-01-10 12:15:31,725 [INFO] VersionManager initialized: version_file=/Users/edubs/Desktop/Custom Stuff/ralphmode.com/ralph-starter/VERSION
2026-01-10 12:15:31,726 [INFO] Current version: 0.3.0
2026-01-10 12:15:31,726 [INFO] Incrementing version: 0.3.0 -> 0.4.0 (minor)
2026-01-10 12:15:31,726 [INFO] Version saved to /Users/edubs/Desktop/Custom Stuff/ralphmode.com/ralph-starter/VERSION: 0.4.0
2026-01-10 12:15:31,847 [INFO] SEC-018: SQLite (local file) - no network encryption needed
2026-01-10 12:15:31,852 [INFO] SEC-018: SQLite engine created with StaticPool
2026-01-10 12:15:31,852 [INFO] SEC-018: Encrypted database connection established
2026-01-10 12:15:31,852 [INFO] SEC-018: Using secure database engine with encryption and audit logging
2026-01-10 12:15:31,857 [INFO] ChangelogGenerator initialized: changelog_file=/Users/edubs/Desktop/Custom Stuff/ralphmode.com/ralph-starter/CHANGELOG.md
2026-01-10 12:15:31,862 [INFO] Generated changelog for version 0.4.0 with 2 items
2026-01-10 12:15:31,865 [INFO] Version history saved for 0.4.0
2026-01-10 12:15:31,865 [INFO] CHANGELOG.md updated with version 0.4.0
2026-01-10 12:15:31,865 [INFO] Changelog generated for version 0.4.0
2026-01-10 12:23:49,828 [INFO] SEC-018: SQLite (local file) - no network encryption needed
2026-01-10 12:23:49,837 [INFO] SEC-018: SQLite engine created with StaticPool
2026-01-10 12:23:49,837 [INFO] SEC-018: Encrypted database connection established
2026-01-10 12:23:49,837 [INFO] SEC-018: Using secure database engine with encryption and audit logging
2026-01-10 12:23:49,856 [INFO] VersionManager initialized: version_file=/Users/edubs/Desktop/Custom Stuff/ralphmode.com/ralph-starter/VERSION
2026-01-10 12:23:49,856 [INFO] ChangelogGenerator initialized: changelog_file=/Users/edubs/Desktop/Custom Stuff/ralphmode.com/ralph-starter/CHANGELOG.md
2026-01-10 12:23:49,856 [INFO] Current version: 0.4.0
